ERROR - 2022-01-17 14:11:40 --> Error connecting to the database: Access denied for user '****'@'localhost' (using password: YES)
CRITICAL - 2022-01-17 14:11:40 --> Unable to connect to the database.
Main connection [MySQLi]: Access denied for user '****'@'localhost' (using password: YES)
#0 /home/linux/projects/upload/system/Database/BaseConnection.php(577): CodeIgniter\Database\BaseConnection->initialize()
#1 /home/linux/projects/upload/system/Database/BaseBuilder.php(1455): CodeIgniter\Database\BaseConnection->query()
#2 /home/linux/projects/upload/system/Validation/Rules.php(142): CodeIgniter\Database\BaseBuilder->get()
#3 /home/linux/projects/upload/system/Validation/Validation.php(292): CodeIgniter\Validation\Rules->is_unique()
#4 /home/linux/projects/upload/system/Validation/Validation.php(157): CodeIgniter\Validation\Validation->processRules()
#5 /home/linux/projects/upload/system/Controller.php(160): CodeIgniter\Validation\Validation->run()
#6 /home/linux/projects/upload/app/Controllers/SignupController.php(26): CodeIgniter\Controller->validate()
#7 /home/linux/projects/upload/system/CodeIgniter.php(825): App\Controllers\SignupController->store()
#8 /home/linux/projects/upload/system/CodeIgniter.php(412): CodeIgniter\CodeIgniter->runController()
#9 /home/linux/projects/upload/system/CodeIgniter.php(320): CodeIgniter\CodeIgniter->handleRequest()
#10 /home/linux/projects/upload/public/index.php(37): CodeIgniter\CodeIgniter->run()
#11 /home/linux/projects/upload/system/Commands/Server/rewrite.php(43): require_once('/home/linux/pro...')
#12 {main}
ERROR - 2022-01-17 14:12:06 --> Error connecting to the database: Unknown database 'ci4'
CRITICAL - 2022-01-17 14:12:06 --> Unable to connect to the database.
Main connection [MySQLi]: Unknown database 'ci4'
#0 /home/linux/projects/upload/system/Database/BaseConnection.php(577): CodeIgniter\Database\BaseConnection->initialize()
#1 /home/linux/projects/upload/system/Database/BaseBuilder.php(1455): CodeIgniter\Database\BaseConnection->query()
#2 /home/linux/projects/upload/system/Validation/Rules.php(142): CodeIgniter\Database\BaseBuilder->get()
#3 /home/linux/projects/upload/system/Validation/Validation.php(292): CodeIgniter\Validation\Rules->is_unique()
#4 /home/linux/projects/upload/system/Validation/Validation.php(157): CodeIgniter\Validation\Validation->processRules()
#5 /home/linux/projects/upload/system/Controller.php(160): CodeIgniter\Validation\Validation->run()
#6 /home/linux/projects/upload/app/Controllers/SignupController.php(26): CodeIgniter\Controller->validate()
#7 /home/linux/projects/upload/system/CodeIgniter.php(825): App\Controllers\SignupController->store()
#8 /home/linux/projects/upload/system/CodeIgniter.php(412): CodeIgniter\CodeIgniter->runController()
#9 /home/linux/projects/upload/system/CodeIgniter.php(320): CodeIgniter\CodeIgniter->handleRequest()
#10 /home/linux/projects/upload/public/index.php(37): CodeIgniter\CodeIgniter->run()
#11 /home/linux/projects/upload/system/Commands/Server/rewrite.php(43): require_once('/home/linux/pro...')
#12 {main}
